#
# There is insufficient memory for the Java Runtime Environment to continue.
# Native memory allocation (mmap) failed to map 67108864 bytes for Failed to commit area from 0x00000000c1c00000 to 0x00000000c5c00000 of length 67108864.
# Possible reasons:
#   The system is out of physical RAM or swap space
#   The process is running with CompressedOops enabled, and the Java Heap may be blocking the growth of the native heap
# Possible solutions:
#   Reduce memory load on the system
#   Increase physical memory or swap space
#   Check if swap backing store is full
#   Decrease Java heap size (-Xmx/-Xms)
#   Decrease number of Java threads
#   Decrease Java thread stack sizes (-Xss)
#   Set larger code cache with -XX:ReservedCodeCacheSize=
# This output file may be truncated or incomplete.
#
#  Out of Memory Error (./open/src/hotspot/os/windows/os_windows.cpp:3287), pid=6784, tid=8000
#
# JRE version:  (11.0.16+11) (build )
# Java VM: Java HotSpot(TM) 64-Bit Server VM (11.0.16+11-LTS-199, mixed mode, sharing, tiered, compressed oops, g1 gc, windows-amd64)
# No core dump will be written. Minidumps are not enabled by default on client versions of Windows
#

---------------  S U M M A R Y ------------

Command Line: -Dfile.encoding=UTF-8 -agentlib:jdwp=transport=dt_shmem,address=javadebug --module-path=C:\Users\HP CQ58\Documents\NetBeansProjects\Mer\build\classes mercado.Mercado

Host: Intel(R) Celeron(R) CPU B830 @ 1.80GHz, 2 cores, 3G,  Windows 8.1 , 64 bit Build 9600 (6.3.9600.20778)
Time: Thu Mar 16 10:23:45 2023 Samoa Standard Time elapsed time: 0.580252 seconds (0d 0h 0m 0s)

---------------  T H R E A D  ---------------

Current thread (0x00000083274c7800):  JavaThread "Unknown thread" [_thread_in_vm, id=8000, stack(0x00000083253c0000,0x00000083254c0000)]

Stack: [0x00000083253c0000,0x00000083254c0000]
Native frames: (J=compiled Java code, j=interpreted, Vv=VM code, C=native code)
V  [jvm.dll+0x62a3ea]
V  [jvm.dll+0x76418f]
V  [jvm.dll+0x765839]
V  [jvm.dll+0x765ec3]
V  [jvm.dll+0x23da98]
V  [jvm.dll+0x62770a]
V  [jvm.dll+0x61c475]
V  [jvm.dll+0x2f2aac]
V  [jvm.dll+0x2f2932]
V  [jvm.dll+0x2f7656]
V  [jvm.dll+0x33a1cf]
V  [jvm.dll+0x339c00]
V  [jvm.dll+0x2d00c8]
V  [jvm.dll+0x2d1236]
V  [jvm.dll+0x73e757]
V  [jvm.dll+0x73ffef]
V  [jvm.dll+0x346ef9]
V  [jvm.dll+0x723f90]
V  [jvm.dll+0x3b5adf]
V  [jvm.dll+0x3b7bf1]
C  [jli.dll+0x5207]
C  [ucrtbase.DLL+0x1d912]
C  [KERNEL32.DLL+0x1412]
C  [ntdll.dll+0x15504]


---------------  P R O C E S S  ---------------

Threads class SMR info:
_java_thread_list=0x00000083252de930, length=0, elements={
}

Java Threads: ( => current thread )

Other Threads:
  0x00000083274dc000 GCTaskThread "GC Thread#0" [stack: 0x0000008326e50000,0x0000008326f50000] [id=3640]
  0x00000083274fa000 ConcurrentGCThread "G1 Main Marker" [stack: 0x0000008327370000,0x0000008327470000] [id=6580]
  0x00000083274fc800 ConcurrentGCThread "G1 Conc#0" [stack: 0x000000833fe60000,0x000000833ff60000] [id=6176]

[error occurred during error reporting (printing all threads), id 0xc0000005, EXCEPTION_ACCESS_VIOLATION (0xc0000005) at pc=0x00007ffb3dd3f357]

VM state:not at safepoint (not fully initialized)

VM Mutex/Monitor currently owned by a thread:  ([mutex/lock_event])
[0x00000083274c5fb0] Heap_lock - owner thread: 0x00000083274c7800

Heap address: 0x00000000c1c00000, size: 996 MB, Compressed Oops mode: Non-zero based: 0x00000000c1c00000
Narrow klass base: 0x0000000000000000, Narrow klass shift: 0

GC Heap History (0 events):
No events

Deoptimization events (0 events):
No events

Classes redefined (0 events):
No events

Internal exceptions (0 events):
No events

Events (0 events):
No events


Dynamic libraries:
0x00007ff665190000 - 0x00007ff66519f000 	C:\Program Files\Java\jdk-11.0.16\bin\java.exe
0x00007ffb5e9f0000 - 0x00007ffb5eb9d000 	C:\Windows\SYSTEM32\ntdll.dll
0x00007ffb5e850000 - 0x00007ffb5e98f000 	C:\Windows\system32\KERNEL32.DLL
0x00007ffb5bf00000 - 0x00007ffb5c014000 	C:\Windows\system32\KERNELBASE.dll
0x00007ffb52780000 - 0x00007ffb52798000 	C:\Program Files\Java\jdk-11.0.16\bin\jli.dll
0x00007ffb4f4f0000 - 0x00007ffb4f505000 	C:\Program Files\Java\jdk-11.0.16\bin\VCRUNTIME140.dll
0x00007ffb549f0000 - 0x00007ffb549f4000 	C:\Program Files\Java\jdk-11.0.16\bin\api-ms-win-crt-stdio-l1-1-0.dll
0x00007ffb4f4d0000 - 0x00007ffb4f4d4000 	C:\Program Files\Java\jdk-11.0.16\bin\api-ms-win-crt-runtime-l1-1-0.dll
0x00007ffb4f4b0000 - 0x00007ffb4f4b3000 	C:\Program Files\Java\jdk-11.0.16\bin\api-ms-win-crt-environment-l1-1-0.dll
0x00007ffb4f490000 - 0x00007ffb4f495000 	C:\Program Files\Java\jdk-11.0.16\bin\api-ms-win-crt-math-l1-1-0.dll
0x00007ffb4cf90000 - 0x00007ffb4cf93000 	C:\Program Files\Java\jdk-11.0.16\bin\api-ms-win-crt-locale-l1-1-0.dll
0x00007ffb4f460000 - 0x00007ffb4f463000 	C:\Program Files\Java\jdk-11.0.16\bin\api-ms-win-crt-heap-l1-1-0.dll
0x00007ffb5e3b0000 - 0x00007ffb5e45d000 	C:\Windows\system32\ADVAPI32.dll
0x00007ffb59e80000 - 0x00007ffb5a0fb000 	C:\Windows\WinSxS\amd64_microsoft.windows.common-controls_6595b64144ccf1df_6.0.9600.19394_none_62486577ecb635cf\COMCTL32.dll
0x00007ffb5e6d0000 - 0x00007ffb5e847000 	C:\Windows\system32\USER32.dll
0x00007ffb5ba80000 - 0x00007ffb5ba8a000 	C:\Windows\SYSTEM32\VERSION.dll
0x00007ffb4f480000 - 0x00007ffb4f483000 	C:\Program Files\Java\jdk-11.0.16\bin\api-ms-win-crt-filesystem-l1-1-0.dll
0x00007ffb4f4e0000 - 0x00007ffb4f4e4000 	C:\Program Files\Java\jdk-11.0.16\bin\api-ms-win-crt-string-l1-1-0.dll
0x00007ffb4f4c0000 - 0x00007ffb4f4c4000 	C:\Program Files\Java\jdk-11.0.16\bin\api-ms-win-crt-convert-l1-1-0.dll
0x00007ffb5df60000 - 0x00007ffb5e007000 	C:\Windows\system32\msvcrt.dll
0x00007ffb5e600000 - 0x00007ffb5e65b000 	C:\Windows\SYSTEM32\sechost.dll
0x00007ffb5e460000 - 0x00007ffb5e595000 	C:\Windows\system32\RPCRT4.dll
0x00007ffb5c230000 - 0x00007ffb5c37f000 	C:\Windows\system32\GDI32.dll
0x00007ffb4f360000 - 0x00007ffb4f45a000 	C:\Program Files\Java\jdk-11.0.16\bin\ucrtbase.DLL
0x00007ffb5c020000 - 0x00007ffb5c04e000 	C:\Windows\system32\SspiCli.dll
0x00007ffb5e2a0000 - 0x00007ffb5e2d4000 	C:\Windows\system32\IMM32.DLL
0x00007ffb5c0b0000 - 0x00007ffb5c201000 	C:\Windows\system32\MSCTF.dll
0x00007ffb5ba90000 - 0x00007ffb5bac0000 	C:\Windows\system32\nvinitx.dll
0x00007ffb3d9c0000 - 0x00007ffb3da5b000 	C:\Program Files\Java\jdk-11.0.16\bin\msvcp140.dll
0x00007ffb4f470000 - 0x00007ffb4f473000 	C:\Program Files\Java\jdk-11.0.16\bin\api-ms-win-crt-time-l1-1-0.dll
0x00007ffb4f4a0000 - 0x00007ffb4f4a3000 	C:\Program Files\Java\jdk-11.0.16\bin\api-ms-win-crt-utility-l1-1-0.dll
0x00007ffb3da60000 - 0x00007ffb3e578000 	C:\Program Files\Java\jdk-11.0.16\bin\server\jvm.dll
0x00007ffb549e0000 - 0x00007ffb549e9000 	C:\Windows\SYSTEM32\WSOCK32.dll
0x00007ffb54cd0000 - 0x00007ffb54cef000 	C:\Windows\SYSTEM32\WINMM.dll
0x00007ffb5ddb0000 - 0x00007ffb5ddb7000 	C:\Windows\system32\PSAPI.DLL
0x00007ffb5e660000 - 0x00007ffb5e6ba000 	C:\Windows\system32\WS2_32.dll
0x00007ffb54b50000 - 0x00007ffb54b7a000 	C:\Windows\SYSTEM32\WINMMBASE.dll
0x00007ffb5e6c0000 - 0x00007ffb5e6c9000 	C:\Windows\system32\NSI.dll
0x00007ffb5be00000 - 0x00007ffb5be4a000 	C:\Windows\SYSTEM32\cfgmgr32.dll
0x00007ffb5a8c0000 - 0x00007ffb5a8e6000 	C:\Windows\SYSTEM32\DEVOBJ.dll
0x00007ffb4cfb0000 - 0x00007ffb4cfc0000 	C:\Program Files\Java\jdk-11.0.16\bin\verify.dll
0x00007ffb3f430000 - 0x00007ffb3f5ba000 	C:\Windows\SYSTEM32\DBGHELP.DLL
0x00007ffb4f330000 - 0x00007ffb4f358000 	C:\Program Files\Java\jdk-11.0.16\bin\java.dll
0x00007ffb4cfa0000 - 0x00007ffb4cfaa000 	C:\Program Files\Java\jdk-11.0.16\bin\jimage.dll
0x00007ffb240d0000 - 0x00007ffb24108000 	C:\Program Files\Java\jdk-11.0.16\bin\jdwp.dll
0x00007ffb3fa90000 - 0x00007ffb3faa6000 	C:\Program Files\Java\jdk-11.0.16\bin\zip.dll

dbghelp: loaded successfully - version: 4.0.5 - missing functions: none
symbol engine: initialized successfully - sym options: 0x614 - pdb path: .;C:\Program Files\Java\jdk-11.0.16\bin;C:\Windows\SYSTEM32;C:\Windows\WinSxS\amd64_microsoft.windows.common-controls_6595b64144ccf1df_6.0.9600.19394_none_62486577ecb635cf;C:\Program Files\Java\jdk-11.0.16\bin\server

VM Arguments:
jvm_args: -Dfile.encoding=UTF-8 -agentlib:jdwp=transport=dt_shmem,address=javadebug --module-path=C:\Users\HP CQ58\Documents\NetBeansProjects\Mer\build\classes 
java_command: mercado.Mercado
java_class_path (initial): C:\Users\HP CQ58\Documents\NetBeansProjects\Mer\build\classes
Launcher Type: SUN_STANDARD

[Global flags]
     intx CICompilerCount                          = 2                                         {product} {ergonomic}
     uint ConcGCThreads                            = 1                                         {product} {ergonomic}
     uint G1ConcRefinementThreads                  = 2                                         {product} {ergonomic}
   size_t G1HeapRegionSize                         = 1048576                                   {product} {ergonomic}
    uintx GCDrainStackTargetSize                   = 64                                        {product} {ergonomic}
   size_t InitialHeapSize                          = 67108864                                  {product} {ergonomic}
   size_t MarkStackSize                            = 4194304                                   {product} {ergonomic}
   size_t MaxHeapSize                              = 1044381696                                {product} {ergonomic}
   size_t MinHeapDeltaBytes                        = 1048576                                   {product} {ergonomic}
    uintx NonNMethodCodeHeapSize                   = 5825164                                {pd product} {ergonomic}
    uintx NonProfiledCodeHeapSize                  = 122916538                              {pd product} {ergonomic}
    uintx ProfiledCodeHeapSize                     = 122916538                              {pd product} {ergonomic}
    uintx ReservedCodeCacheSize                    = 251658240                              {pd product} {ergonomic}
     bool SegmentedCodeCache                       = true                                      {product} {ergonomic}
     bool UseCompressedClassPointers               = true                                 {lp64_product} {ergonomic}
     bool UseCompressedOops                        = true                                 {lp64_product} {ergonomic}
     bool UseG1GC                                  = true                                      {product} {ergonomic}
     bool UseLargePagesIndividualAllocation        = false                                  {pd product} {ergonomic}

Logging:
Log output configuration:
 #0: stdout all=warning uptime,level,tags
 #1: stderr all=off uptime,level,tags

Environment Variables:
PATH=C:\Program Files\Python311\Scripts\;C:\Program Files\Python311\;C:\ProgramData\Oracle\Java\javapath;C:\Program Files\Common Files\Oracle\Java\javapath;C:\Program Files\Java\jdk-11.0.16\bin;C:\Program Files\Java\jdk-11.0.16\bin
USERNAME=HP CQ58
OS=Windows_NT
PROCESSOR_IDENTIFIER=Intel64 Family 6 Model 42 Stepping 7, GenuineIntel



---------------  S Y S T E M  ---------------

OS: Windows 8.1 , 64 bit Build 9600 (6.3.9600.20778)

CPU:total 2 (initial active 2) (2 cores per cpu, 1 threads per core) family 6 model 42 stepping 7 microcode 0x28, cmov, cx8, fxsr, mmx, sse, sse2, sse3, ssse3, sse4.1, sse4.2, popcnt, clmul, tsc, tscinvbit

Memory: 4k page, system-wide physical 3983M (565M free)
TotalPageFile size 7054M (AvailPageFile size 57M)
current process WorkingSet (physical memory assigned to process): 9M, peak: 9M
current process commit charge ("private bytes"): 47M, peak: 111M

vm_info: Java HotSpot(TM) 64-Bit Server VM (11.0.16+11-LTS-199) for windows-amd64 JRE (11.0.16+11-LTS-199), built on Jun 28 2022 08:23:17 by "mach5one" with MS VC++ 15.9 (VS2017)

END.
